2025-05-20 01:02:18,782 - INFO - page_id: 638966532627572
2025-05-20 01:02:18,782 - INFO - page_access_token: EAARWoifRfu8BOw7jYZBe2eZB1nrqlXrs4WTe8C6uIxSZBQwz0L2gAmGCzONGwbjacns1LRHaRSkZBNnFHwg6AR9BZA1Gf1HxPSYZA8b6uQdWatf4OMOMcZCq5543Nq2RV2IHsJMBPTGSAZAMd8C5dkYNiaVZA9fBKUjckuHh1xgFWZCcxabgnXZCXe2QJfogC4OKyibHU0YZCR5HjmuGZAKu7ZCLXqpm0iRAZDZD
2025-05-20 01:02:18,782 - INFO - post_data: {'message': 'google\n\nUse transitional phrases to connect ideas smoothly.\r\n            Ensure the content is original and not copied from other sources.\r\n            Optimize the content with relevant keywords for better s...', 'link': 'https://mydomain.com/content/0eadf2eb-06a9-456c-892d-5e5288d2ef47'}
2025-05-20 01:02:18,783 - INFO - payload: {'message': 'google\n\nUse transitional phrases to connect ideas smoothly.\r\n            Ensure the content is original and not copied from other sources.\r\n            Optimize the content with relevant keywords for better s...', 'access_token': 'EAARWoifRfu8BOw7jYZBe2eZB1nrqlXrs4WTe8C6uIxSZBQwz0L2gAmGCzONGwbjacns1LRHaRSkZBNnFHwg6AR9BZA1Gf1HxPSYZA8b6uQdWatf4OMOMcZCq5543Nq2RV2IHsJMBPTGSAZAMd8C5dkYNiaVZA9fBKUjckuHh1xgFWZCcxabgnXZCXe2QJfogC4OKyibHU0YZCR5HjmuGZAKu7ZCLXqpm0iRAZDZD'}
2025-05-20 01:02:22,307 - INFO - response.status_code: 200 and {"id":"638966532627572_122120433008837775"}
2025-05-20 01:02:22,307 - INFO - response.status_code: 200 and {"id":"638966532627572_122120433008837775"}
2025-05-20 01:02:23,629 - INFO - Send email Worked!
2025-05-20 01:02:23,642 - INFO - Users email: ['iyiola@gmail.com']
2025-05-20 01:04:32,706 - INFO - Send email Worked!
2025-05-20 01:04:32,714 - INFO - Users email: ['iyiola@gmail.com']
2025-05-20 01:04:56,299 - INFO - page_id: 638966532627572
2025-05-20 01:04:56,300 - INFO - page_access_token: EAARWoifRfu8BOw7jYZBe2eZB1nrqlXrs4WTe8C6uIxSZBQwz0L2gAmGCzONGwbjacns1LRHaRSkZBNnFHwg6AR9BZA1Gf1HxPSYZA8b6uQdWatf4OMOMcZCq5543Nq2RV2IHsJMBPTGSAZAMd8C5dkYNiaVZA9fBKUjckuHh1xgFWZCcxabgnXZCXe2QJfogC4OKyibHU0YZCR5HjmuGZAKu7ZCLXqpm0iRAZDZD
2025-05-20 01:04:56,300 - INFO - post_data: {'message': 'google\n\nUse transitional phrases to connect ideas smoothly.\r\n            Ensure the content is original and not copied from other sources.\r\n            Optimize the content with relevant keywords for better s...', 'link': 'https://mydomain.com/content/0eadf2eb-06a9-456c-892d-5e5288d2ef47'}
2025-05-20 01:04:56,300 - INFO - payload: {'message': 'google\n\nUse transitional phrases to connect ideas smoothly.\r\n            Ensure the content is original and not copied from other sources.\r\n            Optimize the content with relevant keywords for better s...', 'access_token': 'EAARWoifRfu8BOw7jYZBe2eZB1nrqlXrs4WTe8C6uIxSZBQwz0L2gAmGCzONGwbjacns1LRHaRSkZBNnFHwg6AR9BZA1Gf1HxPSYZA8b6uQdWatf4OMOMcZCq5543Nq2RV2IHsJMBPTGSAZAMd8C5dkYNiaVZA9fBKUjckuHh1xgFWZCcxabgnXZCXe2QJfogC4OKyibHU0YZCR5HjmuGZAKu7ZCLXqpm0iRAZDZD'}
2025-05-20 01:04:59,389 - INFO - response.status_code: 200 and {"id":"638966532627572_122120433668837775"}
2025-05-20 01:04:59,389 - INFO - response.status_code: 200 and {"id":"638966532627572_122120433668837775"}
2025-05-20 01:05:00,900 - INFO - Send email Worked!
2025-05-20 01:05:00,905 - INFO - Users email: ['iyiola@gmail.com']
2025-05-20 01:05:42,680 - INFO - Send email Worked!
2025-05-20 01:05:42,689 - INFO - Users email: ['iyiola@gmail.com']
2025-05-20 01:06:05,453 - INFO - page_id: 638966532627572
2025-05-20 01:06:05,454 - INFO - page_access_token: EAARWoifRfu8BOw7jYZBe2eZB1nrqlXrs4WTe8C6uIxSZBQwz0L2gAmGCzONGwbjacns1LRHaRSkZBNnFHwg6AR9BZA1Gf1HxPSYZA8b6uQdWatf4OMOMcZCq5543Nq2RV2IHsJMBPTGSAZAMd8C5dkYNiaVZA9fBKUjckuHh1xgFWZCcxabgnXZCXe2QJfogC4OKyibHU0YZCR5HjmuGZAKu7ZCLXqpm0iRAZDZD
2025-05-20 01:06:05,454 - INFO - post_data: {'message': 'google\n\nUse transitional phrases to connect ideas smoothly.\r\n            Ensure the content is original and not copied from other sources.\r\n            Optimize the content with relevant keywords for better search engine ranking.\r\n            Use subheadings to break up the content and enhance readability.\r\n        \r\n            Here is the article: \r\n            "The Evolution and Impact of Google: A Comprehensive Overview"\r\n            Introduction\r\n            In today\'s digital age, Google has become an indispensable part of our daily lives. \r\n            From searching for information to navigating through maps, Google\'s services have revolutionized the way we interact with technology. \r\n            Founded in 1998 by Larry Page and Sergey Brin, Google has grown from a simple search engine to a multifaceted technology giant. \r\n            This article will explore the evolution and impact of Google, highlighting its key features and contributions to the digital landscape.\r\n\r\n            The Rise of Google as a Search Engine\r\n            Google\'s journey began with its search engine, which quickly gained popularity due to its innovative algorithm that prioritized relevant results. \r\n            The PageRank algorithm, developed by Page and Brin, analyzed the link structure of the web to determine the importance of a webpage. \r\n            This approach enabled Google to provide more accurate search results compared to its competitors. \r\n            As a result, Google became the go-to search engine for users worldwide, with its market share continuing to grow over the years.\r\n\r\n            Expansion into New Areas\r\n            Beyond its core search functionality, Google has expanded into various other areas, including online advertising, cloud computing, and artificial intelligence. \r\n            Google AdWords, launched in 2000, revolutionized the online advertising industry by allowing businesses to target specific audiences based on their search queries. \r\n            Google Cloud Platform, introduced in 2010, provides a suite of cloud computing services that enable businesses to build, deploy, and manage applications. \r\n            Additionally, Google\'s artificial intelligence capabilities have been integrated into various products, such as Google Assistant and Google Translate.\r\n\r\nKey Features and Innovations\r\nGoogle\'s success can be attributed to its commitment to innovation and user-centric design. Some of its notable features include:\r\n- Personalized search results based on user behavior and preferences\r\n- Integration with other Google services, such as Gmail and Google Drive\r\n- Continuous improvements to its algorithm to combat spam and improve relevance\r\n\r\nImpact on Society and Economy\r\nGoogle\'s influence extends beyond the digital realm, having a significant impact on society and economy. The company has created thousands of jobs worldwide.\r\nMoreover,, it has enabled businesses to reach new customers through its advertising platforms.\r\n\r\nConclusion\r\nIn conclusion,, Google\'s evolution from a simple search engine to a multifaceted technology giant has been remarkable. Its innovative algorithms,, expansion into new areas,, key features have transformed our interaction with technology. As we move forward,, it will be interesting  observe how continues shape future.";\r\nHere is a rewritten version of your article with some improvements in structure, tone, accessibility and SEO optimization:\r\n\r\n"The Evolution and Impact of Google: A Comprehensive Overview"\r\n\r\nIn today\'s digital landscape,, where information is at our fingertips,, one name stands out above the rest: **Google**. From searching for answers to navigating unfamiliar territories,, **Google\'s** services have become an integral part of our daily routines. Since its inception in 1998 by **Larry Page** and **Sergey Brin**, **Google** has undergone significant transformations,, evolving from a simple **search engine** into a multifaceted **technology giant**. This article aims to provide an in-depth exploration of **Google\'s** journey,, highlighting its pivotal features,, innovations,, impact on society.\r\n\r\n### The Rise of Google as a Dominant Search Engine\r\n\r\nAt the heart of **Google\'s** success lies its pioneering **search algorithm**, known as **PageRank**. Developed by **Page** and **Brin**, this innovative approach analyzed the web\'s link structure to determine the relevance and importance of web pages,. Consequently,, users received more accurate search results compared to competing search engines,. Over time,, this led to **Google** becoming the preferred choice for users worldwide.\r\n\r\n### Diversification into New Areas\r\n\r\nBeyond its core **search functionality**, **Google** has diversified into various sectors,. These include online advertising through platforms like **Google AdWords**, launched in 2000,. Additionally,, it offers cloud computing services via **Google Cloud Platform**, introduced in 2010,. Furthermore,, advancements in artificial intelligence (AI) have been incorporated into products such as **Google Assistant** & language translation tools like ***Google Translate***.\r\n\r\n### Key Features Driving User Engagement\r\n\r\nSeveral factors contribute towards making ***google*** stand out among competitors:\r\n\r\n*   ***Personalized Search Results***`: Tailored based upon individual user preferences & behavior patterns`\r\n*   ***Seamless Integration***`: With other ***google*** services including ***Gmail*** & file storage solutions like ***google drive***`\r\n*   `Continuous Algorithmic Improvements`: To enhance result relevance & combat spam effectively`\r\n\r\n### Societal & Economic Implications\r\n\r\nThe influence exerted by ***google*** transc...', 'link': 'https://mydomain.com/content/0eadf2eb-06a9-456c-892d-5e5288d2ef47'}
2025-05-20 01:06:05,454 - INFO - payload: {'message': 'google\n\nUse transitional phrases to connect ideas smoothly.\r\n            Ensure the content is original and not copied from other sources.\r\n            Optimize the content with relevant keywords for better search engine ranking.\r\n            Use subheadings to break up the content and enhance readability.\r\n        \r\n            Here is the article: \r\n            "The Evolution and Impact of Google: A Comprehensive Overview"\r\n            Introduction\r\n            In today\'s digital age, Google has become an indispensable part of our daily lives. \r\n            From searching for information to navigating through maps, Google\'s services have revolutionized the way we interact with technology. \r\n            Founded in 1998 by Larry Page and Sergey Brin, Google has grown from a simple search engine to a multifaceted technology giant. \r\n            This article will explore the evolution and impact of Google, highlighting its key features and contributions to the digital landscape.\r\n\r\n            The Rise of Google as a Search Engine\r\n            Google\'s journey began with its search engine, which quickly gained popularity due to its innovative algorithm that prioritized relevant results. \r\n            The PageRank algorithm, developed by Page and Brin, analyzed the link structure of the web to determine the importance of a webpage. \r\n            This approach enabled Google to provide more accurate search results compared to its competitors. \r\n            As a result, Google became the go-to search engine for users worldwide, with its market share continuing to grow over the years.\r\n\r\n            Expansion into New Areas\r\n            Beyond its core search functionality, Google has expanded into various other areas, including online advertising, cloud computing, and artificial intelligence. \r\n            Google AdWords, launched in 2000, revolutionized the online advertising industry by allowing businesses to target specific audiences based on their search queries. \r\n            Google Cloud Platform, introduced in 2010, provides a suite of cloud computing services that enable businesses to build, deploy, and manage applications. \r\n            Additionally, Google\'s artificial intelligence capabilities have been integrated into various products, such as Google Assistant and Google Translate.\r\n\r\nKey Features and Innovations\r\nGoogle\'s success can be attributed to its commitment to innovation and user-centric design. Some of its notable features include:\r\n- Personalized search results based on user behavior and preferences\r\n- Integration with other Google services, such as Gmail and Google Drive\r\n- Continuous improvements to its algorithm to combat spam and improve relevance\r\n\r\nImpact on Society and Economy\r\nGoogle\'s influence extends beyond the digital realm, having a significant impact on society and economy. The company has created thousands of jobs worldwide.\r\nMoreover,, it has enabled businesses to reach new customers through its advertising platforms.\r\n\r\nConclusion\r\nIn conclusion,, Google\'s evolution from a simple search engine to a multifaceted technology giant has been remarkable. Its innovative algorithms,, expansion into new areas,, key features have transformed our interaction with technology. As we move forward,, it will be interesting  observe how continues shape future.";\r\nHere is a rewritten version of your article with some improvements in structure, tone, accessibility and SEO optimization:\r\n\r\n"The Evolution and Impact of Google: A Comprehensive Overview"\r\n\r\nIn today\'s digital landscape,, where information is at our fingertips,, one name stands out above the rest: **Google**. From searching for answers to navigating unfamiliar territories,, **Google\'s** services have become an integral part of our daily routines. Since its inception in 1998 by **Larry Page** and **Sergey Brin**, **Google** has undergone significant transformations,, evolving from a simple **search engine** into a multifaceted **technology giant**. This article aims to provide an in-depth exploration of **Google\'s** journey,, highlighting its pivotal features,, innovations,, impact on society.\r\n\r\n### The Rise of Google as a Dominant Search Engine\r\n\r\nAt the heart of **Google\'s** success lies its pioneering **search algorithm**, known as **PageRank**. Developed by **Page** and **Brin**, this innovative approach analyzed the web\'s link structure to determine the relevance and importance of web pages,. Consequently,, users received more accurate search results compared to competing search engines,. Over time,, this led to **Google** becoming the preferred choice for users worldwide.\r\n\r\n### Diversification into New Areas\r\n\r\nBeyond its core **search functionality**, **Google** has diversified into various sectors,. These include online advertising through platforms like **Google AdWords**, launched in 2000,. Additionally,, it offers cloud computing services via **Google Cloud Platform**, introduced in 2010,. Furthermore,, advancements in artificial intelligence (AI) have been incorporated into products such as **Google Assistant** & language translation tools like ***Google Translate***.\r\n\r\n### Key Features Driving User Engagement\r\n\r\nSeveral factors contribute towards making ***google*** stand out among competitors:\r\n\r\n*   ***Personalized Search Results***`: Tailored based upon individual user preferences & behavior patterns`\r\n*   ***Seamless Integration***`: With other ***google*** services including ***Gmail*** & file storage solutions like ***google drive***`\r\n*   `Continuous Algorithmic Improvements`: To enhance result relevance & combat spam effectively`\r\n\r\n### Societal & Economic Implications\r\n\r\nThe influence exerted by ***google*** transc...', 'access_token': 'EAARWoifRfu8BOw7jYZBe2eZB1nrqlXrs4WTe8C6uIxSZBQwz0L2gAmGCzONGwbjacns1LRHaRSkZBNnFHwg6AR9BZA1Gf1HxPSYZA8b6uQdWatf4OMOMcZCq5543Nq2RV2IHsJMBPTGSAZAMd8C5dkYNiaVZA9fBKUjckuHh1xgFWZCcxabgnXZCXe2QJfogC4OKyibHU0YZCR5HjmuGZAKu7ZCLXqpm0iRAZDZD'}
2025-05-20 01:06:08,039 - INFO - response.status_code: 200 and {"id":"638966532627572_122120433956837775"}
2025-05-20 01:06:08,039 - INFO - response.status_code: 200 and {"id":"638966532627572_122120433956837775"}
2025-05-20 01:06:09,207 - INFO - Send email Worked!
2025-05-20 01:06:09,212 - INFO - Users email: ['iyiola@gmail.com']
2025-05-20 01:08:51,303 - INFO - Send email Worked!
2025-05-20 01:08:51,310 - INFO - Users email: ['iyiola@gmail.com']
2025-05-20 01:12:11,458 - INFO - C:\Users\Mrs. Iyiola Aabiodun\content_creator_agent\ai_content_system\content_generator\models.py changed, reloading.
2025-05-20 01:12:26,541 - INFO - Watching for file changes with StatReloader
2025-05-20 01:12:53,995 - INFO - Send email Worked!
2025-05-20 01:12:53,999 - INFO - Users email: ['iyiola@gmail.com']
2025-05-20 01:12:58,043 - ERROR - Internal Server Error: /content/0eadf2eb-06a9-456c-892d-5e5288d2ef47/vote/
Traceback (most recent call last):
  File "C:\Users\Mrs. Iyiola Aabiodun\content_creator_agent\venv\Lib\site-packages\django\db\backends\utils.py", line 105, in _execute
    return self.cursor.execute(sql, params)
           ~~~~~~~~~~~~~~~~~~~^^^^^^^^^^^^^
  File "C:\Users\Mrs. Iyiola Aabiodun\content_creator_agent\venv\Lib\site-packages\django\db\backends\sqlite3\base.py", line 360, in execute
    return super().execute(query, params)
           ~~~~~~~~~~~~~~~^^^^^^^^^^^^^^^
sqlite3.OperationalError: database is locked

The above exception was the direct cause of the following exception:

Traceback (most recent call last):
  File "C:\Users\Mrs. Iyiola Aabiodun\content_creator_agent\venv\Lib\site-packages\django\core\handlers\exception.py", line 55, in inner
    response = get_response(request)
  File "C:\Users\Mrs. Iyiola Aabiodun\content_creator_agent\venv\Lib\site-packages\django\core\handlers\base.py", line 197, in _get_response
    response = wrapped_callback(request, *callback_args, **callback_kwargs)
  File "C:\Users\Mrs. Iyiola Aabiodun\content_creator_agent\venv\Lib\site-packages\django\contrib\auth\decorators.py", line 59, in _view_wrapper
    return view_func(request, *args, **kwargs)
  File "C:\Users\Mrs. Iyiola Aabiodun\content_creator_agent\venv\Lib\site-packages\django\views\decorators\http.py", line 64, in inner
    return func(request, *args, **kwargs)
  File "C:\Users\Mrs. Iyiola Aabiodun\content_creator_agent\ai_content_system\content_generator\views.py", line 98, in vote_content
    vote, created = Vote.objects.update_or_create(
                    ~~~~~~~~~~~~~~~~~~~~~~~~~~~~~^
        user=request.user,
        ^^^^^^^^^^^^^^^^^^
        content=content,
        ^^^^^^^^^^^^^^^^
        defaults={'vote': vote_type}
        ^^^^^^^^^^^^^^^^^^^^^^^^^^^^
    )
    ^
  File "C:\Users\Mrs. Iyiola Aabiodun\content_creator_agent\venv\Lib\site-packages\django\db\models\manager.py", line 87, in manager_method
    return getattr(self.get_queryset(), name)(*args, **kwargs)
           ~~~~~~~~~~~~~~~~~~~~~~~~~~~~~~~~~~^^^^^^^^^^^^^^^^^
  File "C:\Users\Mrs. Iyiola Aabiodun\content_creator_agent\venv\Lib\site-packages\django\db\models\query.py", line 1012, in update_or_create
    obj.save(using=self.db, update_fields=update_fields)
    ~~~~~~~~^^^^^^^^^^^^^^^^^^^^^^^^^^^^^^^^^^^^^^^^^^^^
  File "C:\Users\Mrs. Iyiola Aabiodun\content_creator_agent\ai_content_system\content_generator\models.py", line 82, in save
    super().save(*args, **kwargs)
    ~~~~~~~~~~~~^^^^^^^^^^^^^^^^^
  File "C:\Users\Mrs. Iyiola Aabiodun\content_creator_agent\venv\Lib\site-packages\django\db\models\base.py", line 902, in save
    self.save_base(
    ~~~~~~~~~~~~~~^
        using=using,
        ^^^^^^^^^^^^
    ...<2 lines>...
        update_fields=update_fields,
        ^^^^^^^^^^^^^^^^^^^^^^^^^^^^
    )
    ^
  File "C:\Users\Mrs. Iyiola Aabiodun\content_creator_agent\venv\Lib\site-packages\django\db\models\base.py", line 1008, in save_base
    updated = self._save_table(
        raw,
    ...<4 lines>...
        update_fields,
    )
  File "C:\Users\Mrs. Iyiola Aabiodun\content_creator_agent\venv\Lib\site-packages\django\db\models\base.py", line 1138, in _save_table
    updated = self._do_update(
        base_qs, using, pk_val, values, update_fields, forced_update
    )
  File "C:\Users\Mrs. Iyiola Aabiodun\content_creator_agent\venv\Lib\site-packages\django\db\models\base.py", line 1203, in _do_update
    return filtered._update(values) > 0
           ~~~~~~~~~~~~~~~~^^^^^^^^
  File "C:\Users\Mrs. Iyiola Aabiodun\content_creator_agent\venv\Lib\site-packages\django\db\models\query.py", line 1283, in _update
    return query.get_compiler(self.db).execute_sql(ROW_COUNT)
           ~~~~~~~~~~~~~~~~~~~~~~~~~~~~~~~~~~~~~~~^^^^^^^^^^^
  File "C:\Users\Mrs. Iyiola Aabiodun\content_creator_agent\venv\Lib\site-packages\django\db\models\sql\compiler.py", line 2059, in execute_sql
    row_count = super().execute_sql(result_type)
  File "C:\Users\Mrs. Iyiola Aabiodun\content_creator_agent\venv\Lib\site-packages\django\db\models\sql\compiler.py", line 1622, in execute_sql
    cursor.execute(sql, params)
    ~~~~~~~~~~~~~~^^^^^^^^^^^^^
  File "C:\Users\Mrs. Iyiola Aabiodun\content_creator_agent\venv\Lib\site-packages\django\db\backends\utils.py", line 122, in execute
    return super().execute(sql, params)
           ~~~~~~~~~~~~~~~^^^^^^^^^^^^^
  File "C:\Users\Mrs. Iyiola Aabiodun\content_creator_agent\venv\Lib\site-packages\django\db\backends\utils.py", line 79, in execute
    return self._execute_with_wrappers(
           ~~~~~~~~~~~~~~~~~~~~~~~~~~~^
        sql, params, many=False, executor=self._execute
        ^^^^^^^^^^^^^^^^^^^^^^^^^^^^^^^^^^^^^^^^^^^^^^^
    )
    ^
  File "C:\Users\Mrs. Iyiola Aabiodun\content_creator_agent\venv\Lib\site-packages\django\db\backends\utils.py", line 92, in _execute_with_wrappers
    return executor(sql, params, many, context)
  File "C:\Users\Mrs. Iyiola Aabiodun\content_creator_agent\venv\Lib\site-packages\django\db\backends\utils.py", line 100, in _execute
    with self.db.wrap_database_errors:
         ^^^^^^^^^^^^^^^^^^^^^^^^^^^^
  File "C:\Users\Mrs. Iyiola Aabiodun\content_creator_agent\venv\Lib\site-packages\django\db\utils.py", line 91, in __exit__
    raise dj_exc_value.with_traceback(traceback) from exc_value
  File "C:\Users\Mrs. Iyiola Aabiodun\content_creator_agent\venv\Lib\site-packages\django\db\backends\utils.py", line 105, in _execute
    return self.cursor.execute(sql, params)
           ~~~~~~~~~~~~~~~~~~~^^^^^^^^^^^^^
  File "C:\Users\Mrs. Iyiola Aabiodun\content_creator_agent\venv\Lib\site-packages\django\db\backends\sqlite3\base.py", line 360, in execute
    return super().execute(query, params)
           ~~~~~~~~~~~~~~~^^^^^^^^^^^^^^^
django.db.utils.OperationalError: database is locked
2025-05-20 01:13:03,871 - INFO - page_id: 638966532627572
2025-05-20 01:13:03,872 - INFO - page_access_token: EAARWoifRfu8BOw7jYZBe2eZB1nrqlXrs4WTe8C6uIxSZBQwz0L2gAmGCzONGwbjacns1LRHaRSkZBNnFHwg6AR9BZA1Gf1HxPSYZA8b6uQdWatf4OMOMcZCq5543Nq2RV2IHsJMBPTGSAZAMd8C5dkYNiaVZA9fBKUjckuHh1xgFWZCcxabgnXZCXe2QJfogC4OKyibHU0YZCR5HjmuGZAKu7ZCLXqpm0iRAZDZD
2025-05-20 01:13:03,872 - INFO - post_data: {'message': 'google\n\nUse transitional phrases to connect ideas smoothly.\r\n            Ensure the content is original and not copied from other sources.\r\n            Optimize the content with relevant keywords for better search engine ranking.\r\n            Use subheadings to break up the content and enhance readability.\r\n        \r\n            Here is the article: \r\n            "The Evolution and Impact of Google: A Comprehensive Overview"\r\n            Introduction\r\n            In today\'s digital age, Google has become an indispensable part of our daily lives. \r\n            From searching for information to navigating through maps, Google\'s services have revolutionized the way we interact with technology. \r\n            Founded in 1998 by Larry Page and Sergey Brin, Google has grown from a simple search engine to a multifaceted technology giant. \r\n            This article will explore the evolution and impact of Google, highlighting its key features and contributions to the digital landscape.\r\n\r\n            The Rise of Google as a Search Engine\r\n            Google\'s journey began with its search engine, which quickly gained popularity due to its innovative algorithm that prioritized relevant results. \r\n            The PageRank algorithm, developed by Page and Brin, analyzed the link structure of the web to determine the importance of a webpage. \r\n            This approach enabled Google to provide more accurate search results compared to its competitors. \r\n            As a result, Google became the go-to search engine for users worldwide, with its market share continuing to grow over the years.\r\n\r\n            Expansion into New Areas\r\n            Beyond its core search functionality, Google has expanded into various other areas, including online advertising, cloud computing, and artificial intelligence. \r\n            Google AdWords, launched in 2000, revolutionized the online advertising industry by allowing businesses to target specific audiences based on their search queries. \r\n            Google Cloud Platform, introduced in 2010, provides a suite of cloud computing services that enable businesses to build, deploy, and manage applications. \r\n            Additionally, Google\'s artificial intelligence capabilities have been integrated into various products, such as Google Assistant and Google Translate.\r\n\r\nKey Features and Innovations\r\nGoogle\'s success can be attributed to its commitment to innovation and user-centric design. Some of its notable features include:\r\n- Personalized search results based on user behavior and preferences\r\n- Integration with other Google services, such as Gmail and Google Drive\r\n- Continuous improvements to its algorithm to combat spam and improve relevance\r\n\r\nImpact on Society and Economy\r\nGoogle\'s influence extends beyond the digital realm, having a significant impact on society and economy. The company has created thousands of jobs worldwide.\r\nMoreover,, it has enabled businesses to reach new customers through its advertising platforms.\r\n\r\nConclusion\r\nIn conclusion,, Google\'s evolution from a simple search engine to a multifaceted technology giant has been remarkable. Its innovative algorithms,, expansion into new areas,, key features have transformed our interaction with technology. As we move forward,, it will be interesting  observe how continues shape future.";\r\nHere is a rewritten version of your article with some improvements in structure, tone, accessibility and SEO optimization:\r\n\r\n"The Evolution and Impact of Google: A Comprehensive Overview"\r\n\r\nIn today\'s digital landscape,, where information is at our fingertips,, one name stands out above the rest: **Google**. From searching for answers to navigating unfamiliar territories,, **Google\'s** services have become an integral part of our daily routines. Since its inception in 1998 by **Larry Page** and **Sergey Brin**, **Google** has undergone significant transformations,, evolving from a simple **search engine** into a multifaceted **technology giant**. This article aims to provide an in-depth exploration of **Google\'s** journey,, highlighting its pivotal features,, innovations,, impact on society.\r\n\r\n### The Rise of Google as a Dominant Search Engine\r\n\r\nAt the heart of **Google\'s** success lies its pioneering **search algorithm**, known as **PageRank**. Developed by **Page** and **Brin**, this innovative approach analyzed the web\'s link structure to determine the relevance and importance of web pages,. Consequently,, users received more accurate search results compared to competing search engines,. Over time,, this led to **Google** becoming the preferred choice for users worldwide.\r\n\r\n### Diversification into New Areas\r\n\r\nBeyond its core **search functionality**, **Google** has diversified into various sectors,. These include online advertising through platforms like **Google AdWords**, launched in 2000,. Additionally,, it offers cloud computing services via **Google Cloud Platform**, introduced in 2010,. Furthermore,, advancements in artificial intelligence (AI) have been incorporated into products such as **Google Assistant** & language translation tools like ***Google Translate***.\r\n\r\n### Key Features Driving User Engagement\r\n\r\nSeveral factors contribute towards making ***google*** stand out among competitors:\r\n\r\n*   ***Personalized Search Results***`: Tailored based upon individual user preferences & behavior patterns`\r\n*   ***Seamless Integration***`: With other ***google*** services including ***Gmail*** & file storage solutions like ***google drive***`\r\n*   `Continuous Algorithmic Improvements`: To enhance result relevance & combat spam effectively`\r\n\r\n### Societal & Economic Implications\r\n\r\nThe influence exerted by ***google*** transc...', 'link': 'https://mydomain.com/content/0eadf2eb-06a9-456c-892d-5e5288d2ef47'}
2025-05-20 01:13:03,872 - INFO - payload: {'message': 'google\n\nUse transitional phrases to connect ideas smoothly.\r\n            Ensure the content is original and not copied from other sources.\r\n            Optimize the content with relevant keywords for better search engine ranking.\r\n            Use subheadings to break up the content and enhance readability.\r\n        \r\n            Here is the article: \r\n            "The Evolution and Impact of Google: A Comprehensive Overview"\r\n            Introduction\r\n            In today\'s digital age, Google has become an indispensable part of our daily lives. \r\n            From searching for information to navigating through maps, Google\'s services have revolutionized the way we interact with technology. \r\n            Founded in 1998 by Larry Page and Sergey Brin, Google has grown from a simple search engine to a multifaceted technology giant. \r\n            This article will explore the evolution and impact of Google, highlighting its key features and contributions to the digital landscape.\r\n\r\n            The Rise of Google as a Search Engine\r\n            Google\'s journey began with its search engine, which quickly gained popularity due to its innovative algorithm that prioritized relevant results. \r\n            The PageRank algorithm, developed by Page and Brin, analyzed the link structure of the web to determine the importance of a webpage. \r\n            This approach enabled Google to provide more accurate search results compared to its competitors. \r\n            As a result, Google became the go-to search engine for users worldwide, with its market share continuing to grow over the years.\r\n\r\n            Expansion into New Areas\r\n            Beyond its core search functionality, Google has expanded into various other areas, including online advertising, cloud computing, and artificial intelligence. \r\n            Google AdWords, launched in 2000, revolutionized the online advertising industry by allowing businesses to target specific audiences based on their search queries. \r\n            Google Cloud Platform, introduced in 2010, provides a suite of cloud computing services that enable businesses to build, deploy, and manage applications. \r\n            Additionally, Google\'s artificial intelligence capabilities have been integrated into various products, such as Google Assistant and Google Translate.\r\n\r\nKey Features and Innovations\r\nGoogle\'s success can be attributed to its commitment to innovation and user-centric design. Some of its notable features include:\r\n- Personalized search results based on user behavior and preferences\r\n- Integration with other Google services, such as Gmail and Google Drive\r\n- Continuous improvements to its algorithm to combat spam and improve relevance\r\n\r\nImpact on Society and Economy\r\nGoogle\'s influence extends beyond the digital realm, having a significant impact on society and economy. The company has created thousands of jobs worldwide.\r\nMoreover,, it has enabled businesses to reach new customers through its advertising platforms.\r\n\r\nConclusion\r\nIn conclusion,, Google\'s evolution from a simple search engine to a multifaceted technology giant has been remarkable. Its innovative algorithms,, expansion into new areas,, key features have transformed our interaction with technology. As we move forward,, it will be interesting  observe how continues shape future.";\r\nHere is a rewritten version of your article with some improvements in structure, tone, accessibility and SEO optimization:\r\n\r\n"The Evolution and Impact of Google: A Comprehensive Overview"\r\n\r\nIn today\'s digital landscape,, where information is at our fingertips,, one name stands out above the rest: **Google**. From searching for answers to navigating unfamiliar territories,, **Google\'s** services have become an integral part of our daily routines. Since its inception in 1998 by **Larry Page** and **Sergey Brin**, **Google** has undergone significant transformations,, evolving from a simple **search engine** into a multifaceted **technology giant**. This article aims to provide an in-depth exploration of **Google\'s** journey,, highlighting its pivotal features,, innovations,, impact on society.\r\n\r\n### The Rise of Google as a Dominant Search Engine\r\n\r\nAt the heart of **Google\'s** success lies its pioneering **search algorithm**, known as **PageRank**. Developed by **Page** and **Brin**, this innovative approach analyzed the web\'s link structure to determine the relevance and importance of web pages,. Consequently,, users received more accurate search results compared to competing search engines,. Over time,, this led to **Google** becoming the preferred choice for users worldwide.\r\n\r\n### Diversification into New Areas\r\n\r\nBeyond its core **search functionality**, **Google** has diversified into various sectors,. These include online advertising through platforms like **Google AdWords**, launched in 2000,. Additionally,, it offers cloud computing services via **Google Cloud Platform**, introduced in 2010,. Furthermore,, advancements in artificial intelligence (AI) have been incorporated into products such as **Google Assistant** & language translation tools like ***Google Translate***.\r\n\r\n### Key Features Driving User Engagement\r\n\r\nSeveral factors contribute towards making ***google*** stand out among competitors:\r\n\r\n*   ***Personalized Search Results***`: Tailored based upon individual user preferences & behavior patterns`\r\n*   ***Seamless Integration***`: With other ***google*** services including ***Gmail*** & file storage solutions like ***google drive***`\r\n*   `Continuous Algorithmic Improvements`: To enhance result relevance & combat spam effectively`\r\n\r\n### Societal & Economic Implications\r\n\r\nThe influence exerted by ***google*** transc...', 'access_token': 'EAARWoifRfu8BOw7jYZBe2eZB1nrqlXrs4WTe8C6uIxSZBQwz0L2gAmGCzONGwbjacns1LRHaRSkZBNnFHwg6AR9BZA1Gf1HxPSYZA8b6uQdWatf4OMOMcZCq5543Nq2RV2IHsJMBPTGSAZAMd8C5dkYNiaVZA9fBKUjckuHh1xgFWZCcxabgnXZCXe2QJfogC4OKyibHU0YZCR5HjmuGZAKu7ZCLXqpm0iRAZDZD'}
2025-05-20 01:13:06,787 - INFO - response.status_code: 200 and {"id":"638966532627572_122120435444837775"}
2025-05-20 01:13:06,788 - INFO - response.status_code: 200 and {"id":"638966532627572_122120435444837775"}
2025-05-20 01:13:06,789 - INFO - Send email Worked!
2025-05-20 01:13:06,798 - INFO - Users email: ['iyiola@gmail.com']
2025-05-20 01:14:08,496 - INFO - Send email Worked!
2025-05-20 01:14:08,507 - INFO - Users email: ['iyiola@gmail.com']
2025-05-20 01:15:39,488 - INFO - Send email Worked!
2025-05-20 01:15:39,497 - INFO - Users email: ['iyiola@gmail.com']
2025-05-20 01:16:04,412 - INFO - Send email Worked!
2025-05-20 01:16:04,420 - INFO - Users email: ['iyiola@gmail.com']
2025-05-20 01:16:04,423 - INFO - page_id: 638966532627572
2025-05-20 01:16:04,423 - INFO - page_access_token: EAARWoifRfu8BOw7jYZBe2eZB1nrqlXrs4WTe8C6uIxSZBQwz0L2gAmGCzONGwbjacns1LRHaRSkZBNnFHwg6AR9BZA1Gf1HxPSYZA8b6uQdWatf4OMOMcZCq5543Nq2RV2IHsJMBPTGSAZAMd8C5dkYNiaVZA9fBKUjckuHh1xgFWZCcxabgnXZCXe2QJfogC4OKyibHU0YZCR5HjmuGZAKu7ZCLXqpm0iRAZDZD
2025-05-20 01:16:04,424 - INFO - post_data: {'message': 'google\n\nUse transitional phrases to connect ideas smoothly.\r\n            Ensure the content is original and not copied from other sources.\r\n            Optimize the content with relevant keywords for better search engine ranking.\r\n            Use subheadings to break up the content and enhance readability.\r\n        \r\n            Here is the article: \r\n            "The Evolution and Impact of Google: A Comprehensive Overview"\r\n            Introduction\r\n            In today\'s digital age, Google has become an indispensable part of our daily lives. \r\n            From searching for information to navigating through maps, Google\'s services have revolutionized the way we interact with technology. \r\n            Founded in 1998 by Larry Page and Sergey Brin, Google has grown from a simple search engine to a multifaceted technology giant. \r\n            This article will explore the evolution and impact of Google, highlighting its key features and contributions to the digital landscape.\r\n\r\n            The Rise of Google as a Search Engine\r\n            Google\'s journey began with its search engine, which quickly gained popularity due to its innovative algorithm that prioritized relevant results. \r\n            The PageRank algorithm, developed by Page and Brin, analyzed the link structure of the web to determine the importance of a webpage. \r\n            This approach enabled Google to provide more accurate search results compared to its competitors. \r\n            As a result, Google became the go-to search engine for users worldwide, with its market share continuing to grow over the years.\r\n\r\n            Expansion into New Areas\r\n            Beyond its core search functionality, Google has expanded into various other areas, including online advertising, cloud computing, and artificial intelligence. \r\n            Google AdWords, launched in 2000, revolutionized the online advertising industry by allowing businesses to target specific audiences based on their search queries. \r\n            Google Cloud Platform, introduced in 2010, provides a suite of cloud computing services that enable businesses to build, deploy, and manage applications. \r\n            Additionally, Google\'s artificial intelligence capabilities have been integrated into various products, such as Google Assistant and Google Translate.\r\n\r\nKey Features and Innovations\r\nGoogle\'s success can be attributed to its commitment to innovation and user-centric design. Some of its notable features include:\r\n- Personalized search results based on user behavior and preferences\r\n- Integration with other Google services, such as Gmail and Google Drive\r\n- Continuous improvements to its algorithm to combat spam and improve relevance\r\n\r\nImpact on Society and Economy\r\nGoogle\'s influence extends beyond the digital realm, having a significant impact on society and economy. The company has created thousands of jobs worldwide.\r\nMoreover,, it has enabled businesses to reach new customers through its advertising platforms.\r\n\r\nConclusion\r\nIn conclusion,, Google\'s evolution from a simple search engine to a multifaceted technology giant has been remarkable. Its innovative algorithms,, expansion into new areas,, key features have transformed our interaction with technology. As we move forward,, it will be interesting  observe how continues shape future.";\r\nHere is a rewritten version of your article with some improvements in structure, tone, accessibility and SEO optimization:\r\n\r\n"The Evolution and Impact of Google: A Comprehensive Overview"\r\n\r\nIn today\'s digital landscape,, where information is at our fingertips,, one name stands out above the rest: **Google**. From searching for answers to navigating unfamiliar territories,, **Google\'s** services have become an integral part of our daily routines. Since its inception in 1998 by **Larry Page** and **Sergey Brin**, **Google** has undergone significant transformations,, evolving from a simple **search engine** into a multifaceted **technology giant**. This article aims to provide an in-depth exploration of **Google\'s** journey,, highlighting its pivotal features,, innovations,, impact on society.\r\n\r\n### The Rise of Google as a Dominant Search Engine\r\n\r\nAt the heart of **Google\'s** success lies its pioneering **search algorithm**, known as **PageRank**. Developed by **Page** and **Brin**, this innovative approach analyzed the web\'s link structure to determine the relevance and importance of web pages,. Consequently,, users received more accurate search results compared to competing search engines,. Over time,, this led to **Google** becoming the preferred choice for users worldwide.\r\n\r\n### Diversification into New Areas\r\n\r\nBeyond its core **search functionality**, **Google** has diversified into various sectors,. These include online advertising through platforms like **Google AdWords**, launched in 2000,. Additionally,, it offers cloud computing services via **Google Cloud Platform**, introduced in 2010,. Furthermore,, advancements in artificial intelligence (AI) have been incorporated into products such as **Google Assistant** & language translation tools like ***Google Translate***.\r\n\r\n### Key Features Driving User Engagement\r\n\r\nSeveral factors contribute towards making ***google*** stand out among competitors:\r\n\r\n*   ***Personalized Search Results***`: Tailored based upon individual user preferences & behavior patterns`\r\n*   ***Seamless Integration***`: With other ***google*** services including ***Gmail*** & file storage solutions like ***google drive***`\r\n*   `Continuous Algorithmic Improvements`: To enhance result relevance & combat spam effectively`\r\n\r\n### Societal & Economic Implications\r\n\r\nThe influence exerted by ***google*** transc...', 'link': 'https://mydomain.com/content/0eadf2eb-06a9-456c-892d-5e5288d2ef47'}
2025-05-20 01:16:04,424 - INFO - payload: {'message': 'google\n\nUse transitional phrases to connect ideas smoothly.\r\n            Ensure the content is original and not copied from other sources.\r\n            Optimize the content with relevant keywords for better search engine ranking.\r\n            Use subheadings to break up the content and enhance readability.\r\n        \r\n            Here is the article: \r\n            "The Evolution and Impact of Google: A Comprehensive Overview"\r\n            Introduction\r\n            In today\'s digital age, Google has become an indispensable part of our daily lives. \r\n            From searching for information to navigating through maps, Google\'s services have revolutionized the way we interact with technology. \r\n            Founded in 1998 by Larry Page and Sergey Brin, Google has grown from a simple search engine to a multifaceted technology giant. \r\n            This article will explore the evolution and impact of Google, highlighting its key features and contributions to the digital landscape.\r\n\r\n            The Rise of Google as a Search Engine\r\n            Google\'s journey began with its search engine, which quickly gained popularity due to its innovative algorithm that prioritized relevant results. \r\n            The PageRank algorithm, developed by Page and Brin, analyzed the link structure of the web to determine the importance of a webpage. \r\n            This approach enabled Google to provide more accurate search results compared to its competitors. \r\n            As a result, Google became the go-to search engine for users worldwide, with its market share continuing to grow over the years.\r\n\r\n            Expansion into New Areas\r\n            Beyond its core search functionality, Google has expanded into various other areas, including online advertising, cloud computing, and artificial intelligence. \r\n            Google AdWords, launched in 2000, revolutionized the online advertising industry by allowing businesses to target specific audiences based on their search queries. \r\n            Google Cloud Platform, introduced in 2010, provides a suite of cloud computing services that enable businesses to build, deploy, and manage applications. \r\n            Additionally, Google\'s artificial intelligence capabilities have been integrated into various products, such as Google Assistant and Google Translate.\r\n\r\nKey Features and Innovations\r\nGoogle\'s success can be attributed to its commitment to innovation and user-centric design. Some of its notable features include:\r\n- Personalized search results based on user behavior and preferences\r\n- Integration with other Google services, such as Gmail and Google Drive\r\n- Continuous improvements to its algorithm to combat spam and improve relevance\r\n\r\nImpact on Society and Economy\r\nGoogle\'s influence extends beyond the digital realm, having a significant impact on society and economy. The company has created thousands of jobs worldwide.\r\nMoreover,, it has enabled businesses to reach new customers through its advertising platforms.\r\n\r\nConclusion\r\nIn conclusion,, Google\'s evolution from a simple search engine to a multifaceted technology giant has been remarkable. Its innovative algorithms,, expansion into new areas,, key features have transformed our interaction with technology. As we move forward,, it will be interesting  observe how continues shape future.";\r\nHere is a rewritten version of your article with some improvements in structure, tone, accessibility and SEO optimization:\r\n\r\n"The Evolution and Impact of Google: A Comprehensive Overview"\r\n\r\nIn today\'s digital landscape,, where information is at our fingertips,, one name stands out above the rest: **Google**. From searching for answers to navigating unfamiliar territories,, **Google\'s** services have become an integral part of our daily routines. Since its inception in 1998 by **Larry Page** and **Sergey Brin**, **Google** has undergone significant transformations,, evolving from a simple **search engine** into a multifaceted **technology giant**. This article aims to provide an in-depth exploration of **Google\'s** journey,, highlighting its pivotal features,, innovations,, impact on society.\r\n\r\n### The Rise of Google as a Dominant Search Engine\r\n\r\nAt the heart of **Google\'s** success lies its pioneering **search algorithm**, known as **PageRank**. Developed by **Page** and **Brin**, this innovative approach analyzed the web\'s link structure to determine the relevance and importance of web pages,. Consequently,, users received more accurate search results compared to competing search engines,. Over time,, this led to **Google** becoming the preferred choice for users worldwide.\r\n\r\n### Diversification into New Areas\r\n\r\nBeyond its core **search functionality**, **Google** has diversified into various sectors,. These include online advertising through platforms like **Google AdWords**, launched in 2000,. Additionally,, it offers cloud computing services via **Google Cloud Platform**, introduced in 2010,. Furthermore,, advancements in artificial intelligence (AI) have been incorporated into products such as **Google Assistant** & language translation tools like ***Google Translate***.\r\n\r\n### Key Features Driving User Engagement\r\n\r\nSeveral factors contribute towards making ***google*** stand out among competitors:\r\n\r\n*   ***Personalized Search Results***`: Tailored based upon individual user preferences & behavior patterns`\r\n*   ***Seamless Integration***`: With other ***google*** services including ***Gmail*** & file storage solutions like ***google drive***`\r\n*   `Continuous Algorithmic Improvements`: To enhance result relevance & combat spam effectively`\r\n\r\n### Societal & Economic Implications\r\n\r\nThe influence exerted by ***google*** transc...', 'access_token': 'EAARWoifRfu8BOw7jYZBe2eZB1nrqlXrs4WTe8C6uIxSZBQwz0L2gAmGCzONGwbjacns1LRHaRSkZBNnFHwg6AR9BZA1Gf1HxPSYZA8b6uQdWatf4OMOMcZCq5543Nq2RV2IHsJMBPTGSAZAMd8C5dkYNiaVZA9fBKUjckuHh1xgFWZCcxabgnXZCXe2QJfogC4OKyibHU0YZCR5HjmuGZAKu7ZCLXqpm0iRAZDZD'}
2025-05-20 01:16:07,050 - INFO - response.status_code: 200 and {"id":"638966532627572_122120436236837775"}
2025-05-20 01:16:07,050 - INFO - response.status_code: 200 and {"id":"638966532627572_122120436236837775"}
2025-05-20 01:16:07,051 - INFO - Send email Worked!
2025-05-20 01:16:07,057 - INFO - Users email: ['iyiola@gmail.com']
2025-05-20 01:59:57,393 - INFO - C:\Users\Mrs. Iyiola Aabiodun\content_creator_agent\ai_content_system\content_generator\__init__.py changed, reloading.
2025-05-20 02:00:24,037 - INFO - Watching for file changes with StatReloader
2025-05-20 02:00:26,565 - INFO - C:\Users\Mrs. Iyiola Aabiodun\content_creator_agent\ai_content_system\content_generator\__init__.py changed, reloading.
2025-05-20 02:00:32,030 - INFO - Watching for file changes with StatReloader
2025-05-20 02:00:35,118 - INFO - C:\Users\Mrs. Iyiola Aabiodun\content_creator_agent\ai_content_system\content_generator\__init__.py changed, reloading.
2025-05-20 02:00:42,998 - INFO - Watching for file changes with StatReloader
2025-05-20 02:00:47,555 - INFO - C:\Users\Mrs. Iyiola Aabiodun\content_creator_agent\ai_content_system\content_generator\__init__.py changed, reloading.
2025-05-20 02:00:49,818 - INFO - Watching for file changes with StatReloader
2025-05-20 02:07:17,643 - INFO - Watching for file changes with StatReloader
2025-05-20 17:43:08,843 - INFO - C:\Users\Mrs. Iyiola Aabiodun\content_creator_agent\ai_content_system\ai_content_system\settings.py changed, reloading.
2025-05-20 17:44:08,232 - INFO - Watching for file changes with StatReloader
2025-05-20 17:44:25,130 - INFO - C:\Users\Mrs. Iyiola Aabiodun\content_creator_agent\ai_content_system\ai_content_system\__init__.py changed, reloading.
2025-05-20 17:44:27,520 - INFO - Watching for file changes with StatReloader
2025-05-20 17:44:29,493 - INFO - C:\Users\Mrs. Iyiola Aabiodun\content_creator_agent\ai_content_system\ai_content_system\__init__.py changed, reloading.
2025-05-20 17:44:31,426 - INFO - Watching for file changes with StatReloader
2025-05-20 17:44:33,428 - INFO - C:\Users\Mrs. Iyiola Aabiodun\content_creator_agent\ai_content_system\ai_content_system\__init__.py changed, reloading.
2025-05-20 17:44:35,516 - INFO - Watching for file changes with StatReloader
2025-05-24 12:52:41,677 - INFO - Watching for file changes with StatReloader
2025-05-24 12:54:07,784 - ERROR - Signal handler <promise@0x7f44d18879c0 --> <bound method Celery._autodiscover_tasks of <Celery ai_content_system at 0x7f44d1791ae0>>> raised: ImportError('lxml.html.clean module is now a separate project lxml_html_clean.\nInstall lxml[html_clean] or lxml_html_clean directly.')
Traceback (most recent call last):
  File "/usr/local/lib/python3.10/site-packages/celery/utils/dispatch/signal.py", line 280, in send
    response = receiver(signal=self, sender=sender, **named)
  File "/usr/local/lib/python3.10/site-packages/vine/promises.py", line 161, in __call__
    return self.throw()
  File "/usr/local/lib/python3.10/site-packages/vine/promises.py", line 158, in __call__
    retval = fun(*final_args, **final_kwargs)
  File "/usr/local/lib/python3.10/site-packages/celery/app/base.py", line 788, in _autodiscover_tasks
    return self._autodiscover_tasks_from_fixups(related_name)
  File "/usr/local/lib/python3.10/site-packages/celery/app/base.py", line 797, in _autodiscover_tasks_from_fixups
    return self._autodiscover_tasks_from_names([
  File "/usr/local/lib/python3.10/site-packages/celery/app/base.py", line 792, in _autodiscover_tasks_from_names
    return self.loader.autodiscover_tasks(
  File "/usr/local/lib/python3.10/site-packages/celery/loaders/base.py", line 220, in autodiscover_tasks
    mod.__name__ for mod in autodiscover_tasks(packages or (),
  File "/usr/local/lib/python3.10/site-packages/celery/loaders/base.py", line 246, in autodiscover_tasks
    return [find_related_module(pkg, related_name) for pkg in packages]
  File "/usr/local/lib/python3.10/site-packages/celery/loaders/base.py", line 246, in <listcomp>
    return [find_related_module(pkg, related_name) for pkg in packages]
  File "/usr/local/lib/python3.10/site-packages/celery/loaders/base.py", line 270, in find_related_module
    return importlib.import_module(module_name)
  File "/usr/local/lib/python3.10/importlib/__init__.py", line 126, in import_module
    return _bootstrap._gcd_import(name[level:], package, level)
  File "<frozen importlib._bootstrap>", line 1050, in _gcd_import
  File "<frozen importlib._bootstrap>", line 1027, in _find_and_load
  File "<frozen importlib._bootstrap>", line 1006, in _find_and_load_unlocked
  File "<frozen importlib._bootstrap>", line 688, in _load_unlocked
  File "<frozen importlib._bootstrap_external>", line 883, in exec_module
  File "<frozen importlib._bootstrap>", line 241, in _call_with_frames_removed
  File "/code/content_generator/tasks.py", line 2, in <module>
    from .langchain_orchestrator import ContentWorkflow
  File "/code/content_generator/langchain_orchestrator.py", line 6, in <module>
    from .trend_service import TrendDetectionService
  File "/code/content_generator/trend_service.py", line 4, in <module>
    from newspaper import Article
  File "/usr/local/lib/python3.10/site-packages/newspaper/__init__.py", line 10, in <module>
    from .api import (build, build_article, fulltext, hot, languages,
  File "/usr/local/lib/python3.10/site-packages/newspaper/api.py", line 14, in <module>
    from .article import Article
  File "/usr/local/lib/python3.10/site-packages/newspaper/article.py", line 15, in <module>
    from . import network
  File "/usr/local/lib/python3.10/site-packages/newspaper/network.py", line 14, in <module>
    from .configuration import Configuration
  File "/usr/local/lib/python3.10/site-packages/newspaper/configuration.py", line 15, in <module>
    from .parsers import Parser
  File "/usr/local/lib/python3.10/site-packages/newspaper/parsers.py", line 12, in <module>
    import lxml.html.clean
  File "/usr/local/lib/python3.10/site-packages/lxml/html/clean.py", line 18, in <module>
    raise ImportError(
ImportError: lxml.html.clean module is now a separate project lxml_html_clean.
Install lxml[html_clean] or lxml_html_clean directly.
2025-05-24 12:54:07,794 - ERROR - Signal handler <promise@0x7ffad6c539c0 --> <bound method Celery._autodiscover_tasks of <Celery ai_content_system at 0x7ffad6b61ae0>>> raised: ImportError('lxml.html.clean module is now a separate project lxml_html_clean.\nInstall lxml[html_clean] or lxml_html_clean directly.')
Traceback (most recent call last):
  File "/usr/local/lib/python3.10/site-packages/celery/utils/dispatch/signal.py", line 280, in send
    response = receiver(signal=self, sender=sender, **named)
  File "/usr/local/lib/python3.10/site-packages/vine/promises.py", line 161, in __call__
    return self.throw()
  File "/usr/local/lib/python3.10/site-packages/vine/promises.py", line 158, in __call__
    retval = fun(*final_args, **final_kwargs)
  File "/usr/local/lib/python3.10/site-packages/celery/app/base.py", line 788, in _autodiscover_tasks
    return self._autodiscover_tasks_from_fixups(related_name)
  File "/usr/local/lib/python3.10/site-packages/celery/app/base.py", line 797, in _autodiscover_tasks_from_fixups
    return self._autodiscover_tasks_from_names([
  File "/usr/local/lib/python3.10/site-packages/celery/app/base.py", line 792, in _autodiscover_tasks_from_names
    return self.loader.autodiscover_tasks(
  File "/usr/local/lib/python3.10/site-packages/celery/loaders/base.py", line 220, in autodiscover_tasks
    mod.__name__ for mod in autodiscover_tasks(packages or (),
  File "/usr/local/lib/python3.10/site-packages/celery/loaders/base.py", line 246, in autodiscover_tasks
    return [find_related_module(pkg, related_name) for pkg in packages]
  File "/usr/local/lib/python3.10/site-packages/celery/loaders/base.py", line 246, in <listcomp>
    return [find_related_module(pkg, related_name) for pkg in packages]
  File "/usr/local/lib/python3.10/site-packages/celery/loaders/base.py", line 270, in find_related_module
    return importlib.import_module(module_name)
  File "/usr/local/lib/python3.10/importlib/__init__.py", line 126, in import_module
    return _bootstrap._gcd_import(name[level:], package, level)
  File "<frozen importlib._bootstrap>", line 1050, in _gcd_import
  File "<frozen importlib._bootstrap>", line 1027, in _find_and_load
  File "<frozen importlib._bootstrap>", line 1006, in _find_and_load_unlocked
  File "<frozen importlib._bootstrap>", line 688, in _load_unlocked
  File "<frozen importlib._bootstrap_external>", line 883, in exec_module
  File "<frozen importlib._bootstrap>", line 241, in _call_with_frames_removed
  File "/code/content_generator/tasks.py", line 2, in <module>
    from .langchain_orchestrator import ContentWorkflow
  File "/code/content_generator/langchain_orchestrator.py", line 6, in <module>
    from .trend_service import TrendDetectionService
  File "/code/content_generator/trend_service.py", line 4, in <module>
    from newspaper import Article
  File "/usr/local/lib/python3.10/site-packages/newspaper/__init__.py", line 10, in <module>
    from .api import (build, build_article, fulltext, hot, languages,
  File "/usr/local/lib/python3.10/site-packages/newspaper/api.py", line 14, in <module>
    from .article import Article
  File "/usr/local/lib/python3.10/site-packages/newspaper/article.py", line 15, in <module>
    from . import network
  File "/usr/local/lib/python3.10/site-packages/newspaper/network.py", line 14, in <module>
    from .configuration import Configuration
  File "/usr/local/lib/python3.10/site-packages/newspaper/configuration.py", line 15, in <module>
    from .parsers import Parser
  File "/usr/local/lib/python3.10/site-packages/newspaper/parsers.py", line 12, in <module>
    import lxml.html.clean
  File "/usr/local/lib/python3.10/site-packages/lxml/html/clean.py", line 18, in <module>
    raise ImportError(
ImportError: lxml.html.clean module is now a separate project lxml_html_clean.
Install lxml[html_clean] or lxml_html_clean directly.
2025-05-24 12:54:51,383 - WARNING - Not Found: /favicon.ico
2025-05-24 13:41:03,766 - INFO - /code/ai_content_system/celery.py changed, reloading.
2025-05-24 13:41:07,464 - INFO - Watching for file changes with StatReloader
2025-05-24 14:43:47,610 - INFO - Watching for file changes with StatReloader
2025-05-24 14:44:06,213 - ERROR - Signal handler <promise@0x7f1b23e4f9c0 --> <bound method Celery._autodiscover_tasks of <Celery ai_content_system at 0x7f1b23d5dae0>>> raised: ImportError('lxml.html.clean module is now a separate project lxml_html_clean.\nInstall lxml[html_clean] or lxml_html_clean directly.')
Traceback (most recent call last):
  File "/usr/local/lib/python3.10/site-packages/celery/utils/dispatch/signal.py", line 280, in send
    response = receiver(signal=self, sender=sender, **named)
  File "/usr/local/lib/python3.10/site-packages/vine/promises.py", line 161, in __call__
    return self.throw()
  File "/usr/local/lib/python3.10/site-packages/vine/promises.py", line 158, in __call__
    retval = fun(*final_args, **final_kwargs)
  File "/usr/local/lib/python3.10/site-packages/celery/app/base.py", line 788, in _autodiscover_tasks
    return self._autodiscover_tasks_from_fixups(related_name)
  File "/usr/local/lib/python3.10/site-packages/celery/app/base.py", line 797, in _autodiscover_tasks_from_fixups
    return self._autodiscover_tasks_from_names([
  File "/usr/local/lib/python3.10/site-packages/celery/app/base.py", line 792, in _autodiscover_tasks_from_names
    return self.loader.autodiscover_tasks(
  File "/usr/local/lib/python3.10/site-packages/celery/loaders/base.py", line 220, in autodiscover_tasks
    mod.__name__ for mod in autodiscover_tasks(packages or (),
  File "/usr/local/lib/python3.10/site-packages/celery/loaders/base.py", line 246, in autodiscover_tasks
    return [find_related_module(pkg, related_name) for pkg in packages]
  File "/usr/local/lib/python3.10/site-packages/celery/loaders/base.py", line 246, in <listcomp>
    return [find_related_module(pkg, related_name) for pkg in packages]
  File "/usr/local/lib/python3.10/site-packages/celery/loaders/base.py", line 270, in find_related_module
    return importlib.import_module(module_name)
  File "/usr/local/lib/python3.10/importlib/__init__.py", line 126, in import_module
    return _bootstrap._gcd_import(name[level:], package, level)
  File "<frozen importlib._bootstrap>", line 1050, in _gcd_import
  File "<frozen importlib._bootstrap>", line 1027, in _find_and_load
  File "<frozen importlib._bootstrap>", line 1006, in _find_and_load_unlocked
  File "<frozen importlib._bootstrap>", line 688, in _load_unlocked
  File "<frozen importlib._bootstrap_external>", line 883, in exec_module
  File "<frozen importlib._bootstrap>", line 241, in _call_with_frames_removed
  File "/code/content_generator/tasks.py", line 2, in <module>
    from .langchain_orchestrator import ContentWorkflow
  File "/code/content_generator/langchain_orchestrator.py", line 6, in <module>
    from .trend_service import TrendDetectionService
  File "/code/content_generator/trend_service.py", line 4, in <module>
    from newspaper import Article
  File "/usr/local/lib/python3.10/site-packages/newspaper/__init__.py", line 10, in <module>
    from .api import (build, build_article, fulltext, hot, languages,
  File "/usr/local/lib/python3.10/site-packages/newspaper/api.py", line 14, in <module>
    from .article import Article
  File "/usr/local/lib/python3.10/site-packages/newspaper/article.py", line 15, in <module>
    from . import network
  File "/usr/local/lib/python3.10/site-packages/newspaper/network.py", line 14, in <module>
    from .configuration import Configuration
  File "/usr/local/lib/python3.10/site-packages/newspaper/configuration.py", line 15, in <module>
    from .parsers import Parser
  File "/usr/local/lib/python3.10/site-packages/newspaper/parsers.py", line 12, in <module>
    import lxml.html.clean
  File "/usr/local/lib/python3.10/site-packages/lxml/html/clean.py", line 18, in <module>
    raise ImportError(
ImportError: lxml.html.clean module is now a separate project lxml_html_clean.
Install lxml[html_clean] or lxml_html_clean directly.
2025-05-24 14:44:06,214 - ERROR - Signal handler <promise@0x7faad274f9c0 --> <bound method Celery._autodiscover_tasks of <Celery ai_content_system at 0x7faad265dae0>>> raised: ImportError('lxml.html.clean module is now a separate project lxml_html_clean.\nInstall lxml[html_clean] or lxml_html_clean directly.')
Traceback (most recent call last):
  File "/usr/local/lib/python3.10/site-packages/celery/utils/dispatch/signal.py", line 280, in send
    response = receiver(signal=self, sender=sender, **named)
  File "/usr/local/lib/python3.10/site-packages/vine/promises.py", line 161, in __call__
    return self.throw()
  File "/usr/local/lib/python3.10/site-packages/vine/promises.py", line 158, in __call__
    retval = fun(*final_args, **final_kwargs)
  File "/usr/local/lib/python3.10/site-packages/celery/app/base.py", line 788, in _autodiscover_tasks
    return self._autodiscover_tasks_from_fixups(related_name)
  File "/usr/local/lib/python3.10/site-packages/celery/app/base.py", line 797, in _autodiscover_tasks_from_fixups
    return self._autodiscover_tasks_from_names([
  File "/usr/local/lib/python3.10/site-packages/celery/app/base.py", line 792, in _autodiscover_tasks_from_names
    return self.loader.autodiscover_tasks(
  File "/usr/local/lib/python3.10/site-packages/celery/loaders/base.py", line 220, in autodiscover_tasks
    mod.__name__ for mod in autodiscover_tasks(packages or (),
  File "/usr/local/lib/python3.10/site-packages/celery/loaders/base.py", line 246, in autodiscover_tasks
    return [find_related_module(pkg, related_name) for pkg in packages]
  File "/usr/local/lib/python3.10/site-packages/celery/loaders/base.py", line 246, in <listcomp>
    return [find_related_module(pkg, related_name) for pkg in packages]
  File "/usr/local/lib/python3.10/site-packages/celery/loaders/base.py", line 270, in find_related_module
    return importlib.import_module(module_name)
  File "/usr/local/lib/python3.10/importlib/__init__.py", line 126, in import_module
    return _bootstrap._gcd_import(name[level:], package, level)
  File "<frozen importlib._bootstrap>", line 1050, in _gcd_import
  File "<frozen importlib._bootstrap>", line 1027, in _find_and_load
  File "<frozen importlib._bootstrap>", line 1006, in _find_and_load_unlocked
  File "<frozen importlib._bootstrap>", line 688, in _load_unlocked
  File "<frozen importlib._bootstrap_external>", line 883, in exec_module
  File "<frozen importlib._bootstrap>", line 241, in _call_with_frames_removed
  File "/code/content_generator/tasks.py", line 2, in <module>
    from .langchain_orchestrator import ContentWorkflow
  File "/code/content_generator/langchain_orchestrator.py", line 6, in <module>
    from .trend_service import TrendDetectionService
  File "/code/content_generator/trend_service.py", line 4, in <module>
    from newspaper import Article
  File "/usr/local/lib/python3.10/site-packages/newspaper/__init__.py", line 10, in <module>
    from .api import (build, build_article, fulltext, hot, languages,
  File "/usr/local/lib/python3.10/site-packages/newspaper/api.py", line 14, in <module>
    from .article import Article
  File "/usr/local/lib/python3.10/site-packages/newspaper/article.py", line 15, in <module>
    from . import network
  File "/usr/local/lib/python3.10/site-packages/newspaper/network.py", line 14, in <module>
    from .configuration import Configuration
  File "/usr/local/lib/python3.10/site-packages/newspaper/configuration.py", line 15, in <module>
    from .parsers import Parser
  File "/usr/local/lib/python3.10/site-packages/newspaper/parsers.py", line 12, in <module>
    import lxml.html.clean
  File "/usr/local/lib/python3.10/site-packages/lxml/html/clean.py", line 18, in <module>
    raise ImportError(
ImportError: lxml.html.clean module is now a separate project lxml_html_clean.
Install lxml[html_clean] or lxml_html_clean directly.
2025-05-24 14:46:53,562 - ERROR - Signal handler <promise@0x7f19766b0040 --> <bound method Celery._autodiscover_tasks of <Celery ai_content_system at 0x7f197683fd60>>> raised: ImportError('lxml.html.clean module is now a separate project lxml_html_clean.\nInstall lxml[html_clean] or lxml_html_clean directly.')
Traceback (most recent call last):
  File "/usr/local/lib/python3.10/site-packages/celery/utils/dispatch/signal.py", line 280, in send
    response = receiver(signal=self, sender=sender, **named)
  File "/usr/local/lib/python3.10/site-packages/vine/promises.py", line 161, in __call__
    return self.throw()
  File "/usr/local/lib/python3.10/site-packages/vine/promises.py", line 158, in __call__
    retval = fun(*final_args, **final_kwargs)
  File "/usr/local/lib/python3.10/site-packages/celery/app/base.py", line 788, in _autodiscover_tasks
    return self._autodiscover_tasks_from_fixups(related_name)
  File "/usr/local/lib/python3.10/site-packages/celery/app/base.py", line 797, in _autodiscover_tasks_from_fixups
    return self._autodiscover_tasks_from_names([
  File "/usr/local/lib/python3.10/site-packages/celery/app/base.py", line 792, in _autodiscover_tasks_from_names
    return self.loader.autodiscover_tasks(
  File "/usr/local/lib/python3.10/site-packages/celery/loaders/base.py", line 220, in autodiscover_tasks
    mod.__name__ for mod in autodiscover_tasks(packages or (),
  File "/usr/local/lib/python3.10/site-packages/celery/loaders/base.py", line 246, in autodiscover_tasks
    return [find_related_module(pkg, related_name) for pkg in packages]
  File "/usr/local/lib/python3.10/site-packages/celery/loaders/base.py", line 246, in <listcomp>
    return [find_related_module(pkg, related_name) for pkg in packages]
  File "/usr/local/lib/python3.10/site-packages/celery/loaders/base.py", line 270, in find_related_module
    return importlib.import_module(module_name)
  File "/usr/local/lib/python3.10/importlib/__init__.py", line 126, in import_module
    return _bootstrap._gcd_import(name[level:], package, level)
  File "<frozen importlib._bootstrap>", line 1050, in _gcd_import
  File "<frozen importlib._bootstrap>", line 1027, in _find_and_load
  File "<frozen importlib._bootstrap>", line 1006, in _find_and_load_unlocked
  File "<frozen importlib._bootstrap>", line 688, in _load_unlocked
  File "<frozen importlib._bootstrap_external>", line 883, in exec_module
  File "<frozen importlib._bootstrap>", line 241, in _call_with_frames_removed
  File "/code/content_generator/tasks.py", line 2, in <module>
    from .langchain_orchestrator import ContentWorkflow
  File "/code/content_generator/langchain_orchestrator.py", line 6, in <module>
    from .trend_service import TrendDetectionService
  File "/code/content_generator/trend_service.py", line 4, in <module>
    from newspaper import Article
  File "/usr/local/lib/python3.10/site-packages/newspaper/__init__.py", line 10, in <module>
    from .api import (build, build_article, fulltext, hot, languages,
  File "/usr/local/lib/python3.10/site-packages/newspaper/api.py", line 14, in <module>
    from .article import Article
  File "/usr/local/lib/python3.10/site-packages/newspaper/article.py", line 15, in <module>
    from . import network
  File "/usr/local/lib/python3.10/site-packages/newspaper/network.py", line 14, in <module>
    from .configuration import Configuration
  File "/usr/local/lib/python3.10/site-packages/newspaper/configuration.py", line 15, in <module>
    from .parsers import Parser
  File "/usr/local/lib/python3.10/site-packages/newspaper/parsers.py", line 12, in <module>
    import lxml.html.clean
  File "/usr/local/lib/python3.10/site-packages/lxml/html/clean.py", line 18, in <module>
    raise ImportError(
ImportError: lxml.html.clean module is now a separate project lxml_html_clean.
Install lxml[html_clean] or lxml_html_clean directly.
2025-05-24 14:46:58,108 - ERROR - Signal handler <promise@0x7f5adc9d0040 --> <bound method Celery._autodiscover_tasks of <Celery ai_content_system at 0x7f5adcb63d60>>> raised: ImportError('lxml.html.clean module is now a separate project lxml_html_clean.\nInstall lxml[html_clean] or lxml_html_clean directly.')
Traceback (most recent call last):
  File "/usr/local/lib/python3.10/site-packages/celery/utils/dispatch/signal.py", line 280, in send
    response = receiver(signal=self, sender=sender, **named)
  File "/usr/local/lib/python3.10/site-packages/vine/promises.py", line 161, in __call__
    return self.throw()
  File "/usr/local/lib/python3.10/site-packages/vine/promises.py", line 158, in __call__
    retval = fun(*final_args, **final_kwargs)
  File "/usr/local/lib/python3.10/site-packages/celery/app/base.py", line 788, in _autodiscover_tasks
    return self._autodiscover_tasks_from_fixups(related_name)
  File "/usr/local/lib/python3.10/site-packages/celery/app/base.py", line 797, in _autodiscover_tasks_from_fixups
    return self._autodiscover_tasks_from_names([
  File "/usr/local/lib/python3.10/site-packages/celery/app/base.py", line 792, in _autodiscover_tasks_from_names
    return self.loader.autodiscover_tasks(
  File "/usr/local/lib/python3.10/site-packages/celery/loaders/base.py", line 220, in autodiscover_tasks
    mod.__name__ for mod in autodiscover_tasks(packages or (),
  File "/usr/local/lib/python3.10/site-packages/celery/loaders/base.py", line 246, in autodiscover_tasks
    return [find_related_module(pkg, related_name) for pkg in packages]
  File "/usr/local/lib/python3.10/site-packages/celery/loaders/base.py", line 246, in <listcomp>
    return [find_related_module(pkg, related_name) for pkg in packages]
  File "/usr/local/lib/python3.10/site-packages/celery/loaders/base.py", line 270, in find_related_module
    return importlib.import_module(module_name)
  File "/usr/local/lib/python3.10/importlib/__init__.py", line 126, in import_module
    return _bootstrap._gcd_import(name[level:], package, level)
  File "<frozen importlib._bootstrap>", line 1050, in _gcd_import
  File "<frozen importlib._bootstrap>", line 1027, in _find_and_load
  File "<frozen importlib._bootstrap>", line 1006, in _find_and_load_unlocked
  File "<frozen importlib._bootstrap>", line 688, in _load_unlocked
  File "<frozen importlib._bootstrap_external>", line 883, in exec_module
  File "<frozen importlib._bootstrap>", line 241, in _call_with_frames_removed
  File "/code/content_generator/tasks.py", line 2, in <module>
    from .langchain_orchestrator import ContentWorkflow
  File "/code/content_generator/langchain_orchestrator.py", line 6, in <module>
    from .trend_service import TrendDetectionService
  File "/code/content_generator/trend_service.py", line 4, in <module>
    from newspaper import Article
  File "/usr/local/lib/python3.10/site-packages/newspaper/__init__.py", line 10, in <module>
    from .api import (build, build_article, fulltext, hot, languages,
  File "/usr/local/lib/python3.10/site-packages/newspaper/api.py", line 14, in <module>
    from .article import Article
  File "/usr/local/lib/python3.10/site-packages/newspaper/article.py", line 15, in <module>
    from . import network
  File "/usr/local/lib/python3.10/site-packages/newspaper/network.py", line 14, in <module>
    from .configuration import Configuration
  File "/usr/local/lib/python3.10/site-packages/newspaper/configuration.py", line 15, in <module>
    from .parsers import Parser
  File "/usr/local/lib/python3.10/site-packages/newspaper/parsers.py", line 12, in <module>
    import lxml.html.clean
  File "/usr/local/lib/python3.10/site-packages/lxml/html/clean.py", line 18, in <module>
    raise ImportError(
ImportError: lxml.html.clean module is now a separate project lxml_html_clean.
Install lxml[html_clean] or lxml_html_clean directly.
2025-05-24 15:14:57,019 - INFO - Watching for file changes with StatReloader
2025-05-24 15:15:44,144 - ERROR - Signal handler <promise@0x7fb4f6f0f9c0 --> <bound method Celery._autodiscover_tasks of <Celery ai_content_system at 0x7fb4f6e19ae0>>> raised: ModuleNotFoundError("No module named 'fcm_django'")
Traceback (most recent call last):
  File "/usr/local/lib/python3.10/site-packages/celery/utils/dispatch/signal.py", line 280, in send
    response = receiver(signal=self, sender=sender, **named)
  File "/usr/local/lib/python3.10/site-packages/vine/promises.py", line 161, in __call__
    return self.throw()
  File "/usr/local/lib/python3.10/site-packages/vine/promises.py", line 158, in __call__
    retval = fun(*final_args, **final_kwargs)
  File "/usr/local/lib/python3.10/site-packages/celery/app/base.py", line 788, in _autodiscover_tasks
    return self._autodiscover_tasks_from_fixups(related_name)
  File "/usr/local/lib/python3.10/site-packages/celery/app/base.py", line 797, in _autodiscover_tasks_from_fixups
    return self._autodiscover_tasks_from_names([
  File "/usr/local/lib/python3.10/site-packages/celery/app/base.py", line 792, in _autodiscover_tasks_from_names
    return self.loader.autodiscover_tasks(
  File "/usr/local/lib/python3.10/site-packages/celery/loaders/base.py", line 220, in autodiscover_tasks
    mod.__name__ for mod in autodiscover_tasks(packages or (),
  File "/usr/local/lib/python3.10/site-packages/celery/loaders/base.py", line 246, in autodiscover_tasks
    return [find_related_module(pkg, related_name) for pkg in packages]
  File "/usr/local/lib/python3.10/site-packages/celery/loaders/base.py", line 246, in <listcomp>
    return [find_related_module(pkg, related_name) for pkg in packages]
  File "/usr/local/lib/python3.10/site-packages/celery/loaders/base.py", line 278, in find_related_module
    raise e
  File "/usr/local/lib/python3.10/site-packages/celery/loaders/base.py", line 270, in find_related_module
    return importlib.import_module(module_name)
  File "/usr/local/lib/python3.10/importlib/__init__.py", line 126, in import_module
    return _bootstrap._gcd_import(name[level:], package, level)
  File "<frozen importlib._bootstrap>", line 1050, in _gcd_import
  File "<frozen importlib._bootstrap>", line 1027, in _find_and_load
  File "<frozen importlib._bootstrap>", line 1006, in _find_and_load_unlocked
  File "<frozen importlib._bootstrap>", line 688, in _load_unlocked
  File "<frozen importlib._bootstrap_external>", line 883, in exec_module
  File "<frozen importlib._bootstrap>", line 241, in _call_with_frames_removed
  File "/code/content_generator/tasks.py", line 8, in <module>
    from fcm_django.models import FCMDevice
ModuleNotFoundError: No module named 'fcm_django'
2025-05-24 15:15:44,142 - ERROR - Signal handler <promise@0x7fe28f03f9c0 --> <bound method Celery._autodiscover_tasks of <Celery ai_content_system at 0x7fe28ef4dae0>>> raised: ModuleNotFoundError("No module named 'fcm_django'")
Traceback (most recent call last):
  File "/usr/local/lib/python3.10/site-packages/celery/utils/dispatch/signal.py", line 280, in send
    response = receiver(signal=self, sender=sender, **named)
  File "/usr/local/lib/python3.10/site-packages/vine/promises.py", line 161, in __call__
    return self.throw()
  File "/usr/local/lib/python3.10/site-packages/vine/promises.py", line 158, in __call__
    retval = fun(*final_args, **final_kwargs)
  File "/usr/local/lib/python3.10/site-packages/celery/app/base.py", line 788, in _autodiscover_tasks
    return self._autodiscover_tasks_from_fixups(related_name)
  File "/usr/local/lib/python3.10/site-packages/celery/app/base.py", line 797, in _autodiscover_tasks_from_fixups
    return self._autodiscover_tasks_from_names([
  File "/usr/local/lib/python3.10/site-packages/celery/app/base.py", line 792, in _autodiscover_tasks_from_names
    return self.loader.autodiscover_tasks(
  File "/usr/local/lib/python3.10/site-packages/celery/loaders/base.py", line 220, in autodiscover_tasks
    mod.__name__ for mod in autodiscover_tasks(packages or (),
  File "/usr/local/lib/python3.10/site-packages/celery/loaders/base.py", line 246, in autodiscover_tasks
    return [find_related_module(pkg, related_name) for pkg in packages]
  File "/usr/local/lib/python3.10/site-packages/celery/loaders/base.py", line 246, in <listcomp>
    return [find_related_module(pkg, related_name) for pkg in packages]
  File "/usr/local/lib/python3.10/site-packages/celery/loaders/base.py", line 278, in find_related_module
    raise e
  File "/usr/local/lib/python3.10/site-packages/celery/loaders/base.py", line 270, in find_related_module
    return importlib.import_module(module_name)
  File "/usr/local/lib/python3.10/importlib/__init__.py", line 126, in import_module
    return _bootstrap._gcd_import(name[level:], package, level)
  File "<frozen importlib._bootstrap>", line 1050, in _gcd_import
  File "<frozen importlib._bootstrap>", line 1027, in _find_and_load
  File "<frozen importlib._bootstrap>", line 1006, in _find_and_load_unlocked
  File "<frozen importlib._bootstrap>", line 688, in _load_unlocked
  File "<frozen importlib._bootstrap_external>", line 883, in exec_module
  File "<frozen importlib._bootstrap>", line 241, in _call_with_frames_removed
  File "/code/content_generator/tasks.py", line 8, in <module>
    from fcm_django.models import FCMDevice
ModuleNotFoundError: No module named 'fcm_django'
2025-05-24 15:22:57,784 - INFO - /code/ai_content_system/settings.py changed, reloading.
2025-05-24 16:24:38,883 - INFO - Watching for file changes with StatReloader
2025-05-24 16:25:29,967 - WARNING - Not Found: /accounts/login/
2025-05-24 16:52:09,807 - INFO - Send email Worked!
2025-05-24 16:52:09,839 - INFO - Users email: ['iyiola@gmail.com', 'iyiolalubusola1999@gmail.com']
2025-05-24 17:03:59,040 - WARNING - Method Not Allowed (GET): /logout/
2025-05-24 17:03:59,059 - WARNING - Method Not Allowed: /logout/
2025-05-24 17:10:36,339 - INFO - /code/ai_content_system/settings.py changed, reloading.
2025-05-24 17:10:39,865 - INFO - Watching for file changes with StatReloader
2025-05-24 17:10:58,078 - INFO - /code/ai_content_system/settings.py changed, reloading.
2025-05-24 17:44:43,250 - INFO - Watching for file changes with StatReloader
2025-05-24 17:55:01,816 - WARNING - Method Not Allowed (GET): /logout/
2025-05-24 17:55:01,825 - WARNING - Method Not Allowed: /logout/
2025-05-24 17:55:03,062 - WARNING - Method Not Allowed (GET): /logout/
2025-05-24 17:55:03,083 - WARNING - Method Not Allowed: /logout/
2025-05-24 17:55:03,502 - WARNING - Method Not Allowed (GET): /logout/
2025-05-24 17:55:03,544 - WARNING - Method Not Allowed: /logout/
2025-05-24 17:55:03,818 - WARNING - Method Not Allowed (GET): /logout/
2025-05-24 17:55:03,821 - WARNING - Method Not Allowed: /logout/
2025-05-24 18:07:35,338 - INFO - /code/content_generator/urls.py changed, reloading.
2025-05-24 18:07:38,219 - INFO - Watching for file changes with StatReloader
2025-05-24 18:08:09,733 - INFO - /code/content_generator/urls.py changed, reloading.
2025-05-24 18:08:12,352 - INFO - Watching for file changes with StatReloader
2025-05-24 18:08:36,879 - INFO - /code/content_generator/urls.py changed, reloading.
2025-05-24 18:08:39,068 - INFO - Watching for file changes with StatReloader
2025-05-24 18:12:55,040 - INFO - /code/content_generator/urls.py changed, reloading.
2025-05-24 18:12:57,102 - INFO - Watching for file changes with StatReloader
2025-05-24 18:17:11,014 - INFO - /code/content_generator/urls.py changed, reloading.
2025-05-24 18:17:13,303 - INFO - Watching for file changes with StatReloader
2025-05-24 18:29:01,674 - ERROR - Invalid HTTP_HOST header: '38e0-197-211-63-122.ngrok-free.app'. You may need to add '38e0-197-211-63-122.ngrok-free.app' to ALLOWED_HOSTS.
Traceback (most recent call last):
  File "/usr/local/lib/python3.10/site-packages/django/core/handlers/exception.py", line 55, in inner
    response = get_response(request)
  File "/usr/local/lib/python3.10/site-packages/django/utils/deprecation.py", line 119, in __call__
    response = self.process_request(request)
  File "/usr/local/lib/python3.10/site-packages/django/middleware/common.py", line 48, in process_request
    host = request.get_host()
  File "/usr/local/lib/python3.10/site-packages/django/http/request.py", line 186, in get_host
    raise DisallowedHost(msg)
django.core.exceptions.DisallowedHost: Invalid HTTP_HOST header: '38e0-197-211-63-122.ngrok-free.app'. You may need to add '38e0-197-211-63-122.ngrok-free.app' to ALLOWED_HOSTS.
2025-05-24 18:29:03,141 - WARNING - Bad Request: /
2025-05-24 18:29:52,495 - INFO - /code/ai_content_system/settings.py changed, reloading.
2025-05-24 18:29:54,383 - INFO - Watching for file changes with StatReloader
2025-05-24 18:30:00,052 - INFO - /code/ai_content_system/settings.py changed, reloading.
2025-05-24 18:30:01,858 - INFO - Watching for file changes with StatReloader
2025-05-24 18:30:05,353 - ERROR - Invalid HTTP_HOST header: '38e0-197-211-63-122.ngrok-free.app'. You may need to add '38e0-197-211-63-122.ngrok-free.app' to ALLOWED_HOSTS.
Traceback (most recent call last):
  File "/usr/local/lib/python3.10/site-packages/django/core/handlers/exception.py", line 55, in inner
    response = get_response(request)
  File "/usr/local/lib/python3.10/site-packages/django/utils/deprecation.py", line 119, in __call__
    response = self.process_request(request)
  File "/usr/local/lib/python3.10/site-packages/django/middleware/common.py", line 48, in process_request
    host = request.get_host()
  File "/usr/local/lib/python3.10/site-packages/django/http/request.py", line 186, in get_host
    raise DisallowedHost(msg)
django.core.exceptions.DisallowedHost: Invalid HTTP_HOST header: '38e0-197-211-63-122.ngrok-free.app'. You may need to add '38e0-197-211-63-122.ngrok-free.app' to ALLOWED_HOSTS.
2025-05-24 18:30:05,451 - WARNING - Bad Request: /
2025-05-24 18:30:24,934 - INFO - /code/ai_content_system/settings.py changed, reloading.
2025-05-24 18:30:26,814 - INFO - Watching for file changes with StatReloader
2025-05-24 18:30:54,370 - WARNING - Not Found: /favicon.ico
2025-05-24 18:31:31,956 - WARNING - Forbidden (Origin checking failed - https://38e0-197-211-63-122.ngrok-free.app does not match any trusted origins.): /login/
2025-05-24 18:31:45,291 - WARNING - Forbidden (Origin checking failed - https://38e0-197-211-63-122.ngrok-free.app does not match any trusted origins.): /login/
2025-05-24 18:33:10,083 - WARNING - Forbidden (Origin checking failed - https://38e0-197-211-63-122.ngrok-free.app does not match any trusted origins.): /register/
2025-05-24 18:33:56,114 - INFO - /code/ai_content_system/settings.py changed, reloading.
2025-05-24 18:33:58,331 - INFO - Watching for file changes with StatReloader
2025-05-24 18:34:05,367 - INFO - /code/ai_content_system/settings.py changed, reloading.
2025-05-24 18:34:07,458 - INFO - Watching for file changes with StatReloader
2025-05-24 18:36:38,273 - WARNING - Not Found: /favicon.ico
2025-05-24 18:36:45,188 - WARNING - Not Found: /favicon.ico
2025-05-24 18:37:12,789 - WARNING - Not Found: /favicon.ico
2025-05-24 18:37:35,224 - WARNING - Not Found: /favicon.ico
2025-05-24 18:37:41,272 - WARNING - Not Found: /favicon.ico
2025-05-24 18:38:53,992 - INFO - /code/content_generator/urls.py changed, reloading.
2025-05-24 18:38:55,819 - INFO - Watching for file changes with StatReloader
2025-05-24 18:39:00,531 - WARNING - Not Found: /logout/
2025-05-24 18:39:01,813 - WARNING - Not Found: /favicon.ico
2025-05-24 18:40:34,319 - WARNING - Not Found: /logout/
2025-05-24 18:45:14,312 - INFO - Watching for file changes with StatReloader
2025-05-24 18:46:30,369 - WARNING - Not Found: /logout/
2025-05-24 18:46:44,474 - WARNING - Not Found: /logout/
2025-05-24 18:47:42,924 - INFO - /code/content_generator/urls.py changed, reloading.
2025-05-24 18:47:44,785 - INFO - Watching for file changes with StatReloader
2025-05-24 18:48:01,806 - WARNING - Not Found: /favicon.ico
2025-05-24 18:48:03,151 - WARNING - Not Found: /favicon.ico
2025-05-24 18:48:09,598 - WARNING - Not Found: /favicon.ico
2025-05-24 18:48:17,550 - WARNING - Not Found: /favicon.ico
2025-05-24 18:49:26,427 - WARNING - Not Found: /favicon.ico
2025-05-24 18:52:51,444 - INFO - /code/content_generator/views.py changed, reloading.
2025-05-24 18:52:53,974 - INFO - Watching for file changes with StatReloader
2025-05-24 18:53:40,900 - INFO - /code/content_generator/urls.py changed, reloading.
2025-05-24 18:53:43,868 - INFO - Watching for file changes with StatReloader
2025-05-24 18:55:13,181 - INFO - /code/content_generator/urls.py changed, reloading.
2025-05-24 18:55:15,269 - INFO - Watching for file changes with StatReloader
2025-05-24 19:06:49,749 - INFO - Send email Worked!
2025-05-24 19:06:49,761 - INFO - Users email: ['iyiola@gmail.com', 'iyiolalubusola1999@gmail.com']
2025-05-24 19:40:53,802 - WARNING - Not Found: /favicon.ico
2025-05-24 19:42:48,233 - INFO - Send email Worked!
2025-05-24 19:42:48,242 - INFO - Users email: ['iyiola@gmail.com', 'iyiolalubusola1999@gmail.com']
2025-05-24 20:13:37,225 - WARNING - Not Found: /favicon.ico
2025-05-24 20:21:19,216 - INFO - /code/content_generator/langchain_orchestrator.py changed, reloading.
2025-05-24 20:21:30,060 - INFO - Watching for file changes with StatReloader
2025-05-24 21:03:47,681 - WARNING - Not Found: /favicon.ico
2025-05-25 21:33:26,897 - INFO - Watching for file changes with StatReloader
2025-05-25 21:34:49,885 - WARNING - Not Found: /favicon.ico
2025-05-25 21:39:16,521 - INFO - /code/ai_content_system/settings.py changed, reloading.
2025-05-25 21:39:18,892 - INFO - Watching for file changes with StatReloader
2025-05-25 21:39:28,990 - INFO - /code/ai_content_system/settings.py changed, reloading.
2025-05-25 21:39:30,762 - INFO - Watching for file changes with StatReloader
2025-05-25 21:39:32,782 - INFO - /code/ai_content_system/settings.py changed, reloading.
2025-05-25 21:39:34,497 - INFO - Watching for file changes with StatReloader
2025-05-25 21:48:21,955 - WARNING - Not Found: /favicon.ico
2025-05-25 21:48:56,191 - WARNING - Forbidden (Origin checking failed - https://c92c-197-211-63-144.ngrok-free.app does not match any trusted origins.): /login/
2025-05-25 21:49:25,364 - INFO - /code/ai_content_system/settings.py changed, reloading.
2025-05-25 21:49:27,489 - INFO - Watching for file changes with StatReloader
2025-05-27 13:20:04,316 - WARNING - Not Found: /favicon.ico
2025-05-27 14:00:16,490 - INFO - Watching for file changes with StatReloader
